{"C:\\Users\\Peter Ly\\Desktop\\FutureProof\\Lap2\\Project\\lap2-project\\api\\app.js": {"path":"C:\\Users\\Peter Ly\\Desktop\\FutureProof\\Lap2\\Project\\lap2-project\\api\\app.js","statementMap":{"0":{"start":{"line":1,"column":16},"end":{"line":1,"column":34}},"1":{"start":{"line":2,"column":12},"end":{"line":2,"column":21}},"2":{"start":{"line":3,"column":13},"end":{"line":3,"column":28}},"3":{"start":{"line":4,"column":0},"end":{"line":4,"column":16}},"4":{"start":{"line":5,"column":0},"end":{"line":5,"column":24}},"5":{"start":{"line":7,"column":0},"end":{"line":9,"column":3}},"6":{"start":{"line":8,"column":4},"end":{"line":8,"column":49}},"7":{"start":{"line":11,"column":19},"end":{"line":11,"column":50}},"8":{"start":{"line":12,"column":19},"end":{"line":12,"column":49}},"9":{"start":{"line":13,"column":20},"end":{"line":13,"column":51}},"10":{"start":{"line":15,"column":0},"end":{"line":15,"column":30}},"11":{"start":{"line":16,"column":0},"end":{"line":16,"column":20}},"12":{"start":{"line":17,"column":0},"end":{"line":17,"column":32}},"13":{"start":{"line":19,"column":0},"end":{"line":19,"column":21}}},"fnMap":{"0":{"name":"(anonymous_0)","decl":{"start":{"line":7,"column":13},"end":{"line":7,"column":14}},"loc":{"start":{"line":7,"column":27},"end":{"line":9,"column":1}},"line":7}},"branchMap":{},"s":{"0":1,"1":1,"2":1,"3":1,"4":1,"5":1,"6":1,"7":1,"8":1,"9":1,"10":1,"11":1,"12":1,"13":1},"f":{"0":1},"b":{},"_coverageSchema":"1a1c01bbd47fc00a2c39e90264f33305004495a9","hash":"6b78dc3c3c25a5e206b491af5e800afff40d4dbf"}
,"C:\\Users\\Peter Ly\\Desktop\\FutureProof\\Lap2\\Project\\lap2-project\\api\\dbConfig.js": {"path":"C:\\Users\\Peter Ly\\Desktop\\FutureProof\\Lap2\\Project\\lap2-project\\api\\dbConfig.js","statementMap":{"0":{"start":{"line":1,"column":17},"end":{"line":1,"column":30}},"1":{"start":{"line":2,"column":13},"end":{"line":2,"column":23}},"2":{"start":{"line":3,"column":0},"end":{"line":3,"column":22}}},"fnMap":{},"branchMap":{},"s":{"0":7,"1":7,"2":7},"f":{},"b":{},"_coverageSchema":"1a1c01bbd47fc00a2c39e90264f33305004495a9","hash":"498e3dd09b3e45d9dd446c8f1dd223706cfd80c8"}
,"C:\\Users\\Peter Ly\\Desktop\\FutureProof\\Lap2\\Project\\lap2-project\\api\\controllers\\auth.js": {"path":"C:\\Users\\Peter Ly\\Desktop\\FutureProof\\Lap2\\Project\\lap2-project\\api\\controllers\\auth.js","statementMap":{"0":{"start":{"line":1,"column":13},"end":{"line":1,"column":38}},"1":{"start":{"line":2,"column":15},"end":{"line":2,"column":34}},"2":{"start":{"line":3,"column":12},"end":{"line":3,"column":35}},"3":{"start":{"line":4,"column":0},"end":{"line":4,"column":27}},"4":{"start":{"line":7,"column":4},"end":{"line":14,"column":5}},"5":{"start":{"line":8,"column":21},"end":{"line":8,"column":43}},"6":{"start":{"line":9,"column":23},"end":{"line":9,"column":65}},"7":{"start":{"line":10,"column":8},"end":{"line":10,"column":61}},"8":{"start":{"line":11,"column":8},"end":{"line":11,"column":64}},"9":{"start":{"line":13,"column":8},"end":{"line":13,"column":64}},"10":{"start":{"line":18,"column":4},"end":{"line":45,"column":5}},"11":{"start":{"line":19,"column":21},"end":{"line":19,"column":65}},"12":{"start":{"line":23,"column":8},"end":{"line":23,"column":25}},"13":{"start":{"line":24,"column":23},"end":{"line":24,"column":77}},"14":{"start":{"line":25,"column":8},"end":{"line":25,"column":27}},"15":{"start":{"line":26,"column":8},"end":{"line":42,"column":9}},"16":{"start":{"line":27,"column":28},"end":{"line":27,"column":53}},"17":{"start":{"line":28,"column":12},"end":{"line":28,"column":82}},"18":{"start":{"line":31,"column":16},"end":{"line":33,"column":17}},"19":{"start":{"line":32,"column":18},"end":{"line":32,"column":58}},"20":{"start":{"line":34,"column":16},"end":{"line":37,"column":19}},"21":{"start":{"line":41,"column":12},"end":{"line":41,"column":59}},"22":{"start":{"line":44,"column":8},"end":{"line":44,"column":40}},"23":{"start":{"line":49,"column":19},"end":{"line":49,"column":47}},"24":{"start":{"line":50,"column":4},"end":{"line":61,"column":5}},"25":{"start":{"line":51,"column":22},"end":{"line":51,"column":42}},"26":{"start":{"line":52,"column":8},"end":{"line":58,"column":10}},"27":{"start":{"line":53,"column":12},"end":{"line":57,"column":13}},"28":{"start":{"line":54,"column":16},"end":{"line":54,"column":80}},"29":{"start":{"line":56,"column":16},"end":{"line":56,"column":23}},"30":{"start":{"line":60,"column":8},"end":{"line":60,"column":57}},"31":{"start":{"line":64,"column":0},"end":{"line":64,"column":49}}},"fnMap":{"0":{"name":"register","decl":{"start":{"line":6,"column":15},"end":{"line":6,"column":23}},"loc":{"start":{"line":6,"column":34},"end":{"line":15,"column":1}},"line":6},"1":{"name":"login","decl":{"start":{"line":17,"column":15},"end":{"line":17,"column":20}},"loc":{"start":{"line":17,"column":31},"end":{"line":46,"column":1}},"line":17},"2":{"name":"sendToken","decl":{"start":{"line":30,"column":21},"end":{"line":30,"column":30}},"loc":{"start":{"line":30,"column":42},"end":{"line":38,"column":15}},"line":30},"3":{"name":"verifyToken","decl":{"start":{"line":48,"column":9},"end":{"line":48,"column":20}},"loc":{"start":{"line":48,"column":36},"end":{"line":62,"column":1}},"line":48},"4":{"name":"(anonymous_4)","decl":{"start":{"line":52,"column":50},"end":{"line":52,"column":51}},"loc":{"start":{"line":52,"column":64},"end":{"line":58,"column":9}},"line":52}},"branchMap":{"0":{"loc":{"start":{"line":26,"column":8},"end":{"line":42,"column":9}},"type":"if","locations":[{"start":{"line":26,"column":8},"end":{"line":42,"column":9}},{"start":{"line":40,"column":15},"end":{"line":42,"column":9}}],"line":26},"1":{"loc":{"start":{"line":31,"column":16},"end":{"line":33,"column":17}},"type":"if","locations":[{"start":{"line":31,"column":16},"end":{"line":33,"column":17}},{"start":{},"end":{}}],"line":31},"2":{"loc":{"start":{"line":50,"column":4},"end":{"line":61,"column":5}},"type":"if","locations":[{"start":{"line":50,"column":4},"end":{"line":61,"column":5}},{"start":{"line":59,"column":11},"end":{"line":61,"column":5}}],"line":50},"3":{"loc":{"start":{"line":53,"column":12},"end":{"line":57,"column":13}},"type":"if","locations":[{"start":{"line":53,"column":12},"end":{"line":57,"column":13}},{"start":{"line":55,"column":19},"end":{"line":57,"column":13}}],"line":53}},"s":{"0":2,"1":2,"2":2,"3":2,"4":2,"5":2,"6":2,"7":2,"8":1,"9":1,"10":1,"11":1,"12":1,"13":1,"14":1,"15":1,"16":0,"17":0,"18":0,"19":0,"20":0,"21":1,"22":1,"23":0,"24":0,"25":0,"26":0,"27":0,"28":0,"29":0,"30":0,"31":2},"f":{"0":2,"1":1,"2":0,"3":0,"4":0},"b":{"0":[0,1],"1":[0,0],"2":[0,0],"3":[0,0]},"_coverageSchema":"1a1c01bbd47fc00a2c39e90264f33305004495a9","hash":"e62d5e1132771b5433fd0a6e731fd8e6c5092357"}
,"C:\\Users\\Peter Ly\\Desktop\\FutureProof\\Lap2\\Project\\lap2-project\\api\\controllers\\habit.js": {"path":"C:\\Users\\Peter Ly\\Desktop\\FutureProof\\Lap2\\Project\\lap2-project\\api\\controllers\\habit.js","statementMap":{"0":{"start":{"line":1,"column":14},"end":{"line":1,"column":40}},"1":{"start":{"line":4,"column":4},"end":{"line":9,"column":5}},"2":{"start":{"line":5,"column":26},"end":{"line":5,"column":41}},"3":{"start":{"line":6,"column":8},"end":{"line":6,"column":39}},"4":{"start":{"line":8,"column":8},"end":{"line":8,"column":37}},"5":{"start":{"line":13,"column":4},"end":{"line":18,"column":5}},"6":{"start":{"line":14,"column":26},"end":{"line":14,"column":72}},"7":{"start":{"line":15,"column":8},"end":{"line":15,"column":39}},"8":{"start":{"line":17,"column":8},"end":{"line":17,"column":37}},"9":{"start":{"line":22,"column":4},"end":{"line":27,"column":5}},"10":{"start":{"line":23,"column":27},"end":{"line":23,"column":80}},"11":{"start":{"line":24,"column":8},"end":{"line":24,"column":40}},"12":{"start":{"line":26,"column":8},"end":{"line":26,"column":51}},"13":{"start":{"line":31,"column":4},"end":{"line":38,"column":5}},"14":{"start":{"line":33,"column":27},"end":{"line":33,"column":37}},"15":{"start":{"line":34,"column":25},"end":{"line":34,"column":68}},"16":{"start":{"line":35,"column":8},"end":{"line":35,"column":38}},"17":{"start":{"line":37,"column":8},"end":{"line":37,"column":37}},"18":{"start":{"line":42,"column":4},"end":{"line":52,"column":5}},"19":{"start":{"line":43,"column":29},"end":{"line":43,"column":69}},"20":{"start":{"line":44,"column":8},"end":{"line":44,"column":37}},"21":{"start":{"line":45,"column":8},"end":{"line":45,"column":30}},"22":{"start":{"line":47,"column":8},"end":{"line":51,"column":9}},"23":{"start":{"line":48,"column":12},"end":{"line":48,"column":41}},"24":{"start":{"line":50,"column":8},"end":{"line":50,"column":37}},"25":{"start":{"line":56,"column":4},"end":{"line":63,"column":5}},"26":{"start":{"line":57,"column":22},"end":{"line":57,"column":68}},"27":{"start":{"line":58,"column":8},"end":{"line":58,"column":44}},"28":{"start":{"line":59,"column":29},"end":{"line":59,"column":75}},"29":{"start":{"line":60,"column":8},"end":{"line":60,"column":42}},"30":{"start":{"line":62,"column":8},"end":{"line":62,"column":70}},"31":{"start":{"line":66,"column":0},"end":{"line":66,"column":104}}},"fnMap":{"0":{"name":"getAllHabits","decl":{"start":{"line":3,"column":15},"end":{"line":3,"column":27}},"loc":{"start":{"line":3,"column":38},"end":{"line":10,"column":1}},"line":3},"1":{"name":"getHabitById","decl":{"start":{"line":12,"column":15},"end":{"line":12,"column":27}},"loc":{"start":{"line":12,"column":38},"end":{"line":19,"column":1}},"line":12},"2":{"name":"getHabitsByUsername","decl":{"start":{"line":21,"column":15},"end":{"line":21,"column":34}},"loc":{"start":{"line":21,"column":45},"end":{"line":28,"column":1}},"line":21},"3":{"name":"addHabit","decl":{"start":{"line":30,"column":15},"end":{"line":30,"column":23}},"loc":{"start":{"line":30,"column":34},"end":{"line":39,"column":1}},"line":30},"4":{"name":"deleteHabit","decl":{"start":{"line":41,"column":15},"end":{"line":41,"column":26}},"loc":{"start":{"line":41,"column":37},"end":{"line":53,"column":1}},"line":41},"5":{"name":"increaseRep","decl":{"start":{"line":55,"column":15},"end":{"line":55,"column":26}},"loc":{"start":{"line":55,"column":37},"end":{"line":64,"column":1}},"line":55}},"branchMap":{"0":{"loc":{"start":{"line":47,"column":8},"end":{"line":51,"column":9}},"type":"if","locations":[{"start":{"line":47,"column":8},"end":{"line":51,"column":9}},{"start":{"line":49,"column":15},"end":{"line":51,"column":9}}],"line":47}},"s":{"0":2,"1":2,"2":2,"3":1,"4":1,"5":2,"6":2,"7":1,"8":1,"9":2,"10":2,"11":1,"12":1,"13":2,"14":2,"15":2,"16":1,"17":1,"18":0,"19":0,"20":0,"21":0,"22":0,"23":0,"24":0,"25":0,"26":0,"27":0,"28":0,"29":0,"30":0,"31":2},"f":{"0":2,"1":2,"2":2,"3":2,"4":0,"5":0},"b":{"0":[0,0]},"_coverageSchema":"1a1c01bbd47fc00a2c39e90264f33305004495a9","hash":"612c4986f522451b53893ea72768346c2a2fed5c"}
,"C:\\Users\\Peter Ly\\Desktop\\FutureProof\\Lap2\\Project\\lap2-project\\api\\controllers\\user.js": {"path":"C:\\Users\\Peter Ly\\Desktop\\FutureProof\\Lap2\\Project\\lap2-project\\api\\controllers\\user.js","statementMap":{"0":{"start":{"line":1,"column":13},"end":{"line":1,"column":38}},"1":{"start":{"line":4,"column":4},"end":{"line":9,"column":5}},"2":{"start":{"line":5,"column":22},"end":{"line":5,"column":36}},"3":{"start":{"line":6,"column":8},"end":{"line":6,"column":35}},"4":{"start":{"line":8,"column":8},"end":{"line":8,"column":37}},"5":{"start":{"line":13,"column":4},"end":{"line":22,"column":5}},"6":{"start":{"line":14,"column":21},"end":{"line":14,"column":67}},"7":{"start":{"line":15,"column":8},"end":{"line":19,"column":9}},"8":{"start":{"line":16,"column":12},"end":{"line":16,"column":58}},"9":{"start":{"line":18,"column":12},"end":{"line":18,"column":53}},"10":{"start":{"line":21,"column":8},"end":{"line":21,"column":57}},"11":{"start":{"line":25,"column":0},"end":{"line":25,"column":32}}},"fnMap":{"0":{"name":"index","decl":{"start":{"line":3,"column":15},"end":{"line":3,"column":20}},"loc":{"start":{"line":3,"column":31},"end":{"line":10,"column":1}},"line":3},"1":{"name":"find","decl":{"start":{"line":12,"column":15},"end":{"line":12,"column":19}},"loc":{"start":{"line":12,"column":30},"end":{"line":23,"column":1}},"line":12}},"branchMap":{"0":{"loc":{"start":{"line":15,"column":8},"end":{"line":19,"column":9}},"type":"if","locations":[{"start":{"line":15,"column":8},"end":{"line":19,"column":9}},{"start":{"line":17,"column":15},"end":{"line":19,"column":9}}],"line":15}},"s":{"0":2,"1":1,"2":1,"3":1,"4":0,"5":2,"6":2,"7":2,"8":1,"9":1,"10":0,"11":2},"f":{"0":1,"1":2},"b":{"0":[1,1]},"_coverageSchema":"1a1c01bbd47fc00a2c39e90264f33305004495a9","hash":"4cac7984df094c6b5176b4a4a2be9de073d10d1a"}
,"C:\\Users\\Peter Ly\\Desktop\\FutureProof\\Lap2\\Project\\lap2-project\\api\\models\\Habit.js": {"path":"C:\\Users\\Peter Ly\\Desktop\\FutureProof\\Lap2\\Project\\lap2-project\\api\\models\\Habit.js","statementMap":{"0":{"start":{"line":1,"column":11},"end":{"line":1,"column":33}},"1":{"start":{"line":5,"column":8},"end":{"line":5,"column":37}},"2":{"start":{"line":6,"column":8},"end":{"line":6,"column":35}},"3":{"start":{"line":7,"column":8},"end":{"line":7,"column":41}},"4":{"start":{"line":8,"column":8},"end":{"line":8,"column":31}},"5":{"start":{"line":9,"column":8},"end":{"line":9,"column":39}},"6":{"start":{"line":10,"column":8},"end":{"line":10,"column":53}},"7":{"start":{"line":11,"column":8},"end":{"line":11,"column":43}},"8":{"start":{"line":12,"column":8},"end":{"line":12,"column":29}},"9":{"start":{"line":16,"column":8},"end":{"line":24,"column":10}},"10":{"start":{"line":17,"column":12},"end":{"line":23,"column":13}},"11":{"start":{"line":18,"column":32},"end":{"line":18,"column":71}},"12":{"start":{"line":19,"column":32},"end":{"line":19,"column":69}},"13":{"start":{"line":19,"column":56},"end":{"line":19,"column":68}},"14":{"start":{"line":20,"column":16},"end":{"line":20,"column":34}},"15":{"start":{"line":22,"column":16},"end":{"line":22,"column":53}},"16":{"start":{"line":28,"column":8},"end":{"line":36,"column":10}},"17":{"start":{"line":29,"column":12},"end":{"line":35,"column":13}},"18":{"start":{"line":30,"column":34},"end":{"line":30,"column":106}},"19":{"start":{"line":31,"column":28},"end":{"line":31,"column":56}},"20":{"start":{"line":32,"column":16},"end":{"line":32,"column":30}},"21":{"start":{"line":34,"column":16},"end":{"line":34,"column":50}},"22":{"start":{"line":40,"column":8},"end":{"line":56,"column":10}},"23":{"start":{"line":41,"column":12},"end":{"line":55,"column":13}},"24":{"start":{"line":42,"column":38},"end":{"line":42,"column":110}},"25":{"start":{"line":43,"column":16},"end":{"line":52,"column":17}},"26":{"start":{"line":44,"column":42},"end":{"line":44,"column":179}},"27":{"start":{"line":45,"column":37},"end":{"line":45,"column":78}},"28":{"start":{"line":45,"column":65},"end":{"line":45,"column":77}},"29":{"start":{"line":46,"column":20},"end":{"line":48,"column":21}},"30":{"start":{"line":47,"column":24},"end":{"line":47,"column":61}},"31":{"start":{"line":49,"column":20},"end":{"line":49,"column":39}},"32":{"start":{"line":51,"column":20},"end":{"line":51,"column":62}},"33":{"start":{"line":54,"column":16},"end":{"line":54,"column":28}},"34":{"start":{"line":60,"column":8},"end":{"line":70,"column":10}},"35":{"start":{"line":61,"column":12},"end":{"line":69,"column":13}},"36":{"start":{"line":62,"column":33},"end":{"line":62,"column":106}},"37":{"start":{"line":63,"column":27},"end":{"line":63,"column":43}},"38":{"start":{"line":64,"column":38},"end":{"line":64,"column":206}},"39":{"start":{"line":65,"column":31},"end":{"line":65,"column":63}},"40":{"start":{"line":66,"column":16},"end":{"line":66,"column":33}},"41":{"start":{"line":68,"column":16},"end":{"line":68,"column":44}},"42":{"start":{"line":74,"column":8},"end":{"line":87,"column":10}},"43":{"start":{"line":75,"column":12},"end":{"line":86,"column":13}},"44":{"start":{"line":76,"column":38},"end":{"line":76,"column":78}},"45":{"start":{"line":78,"column":16},"end":{"line":83,"column":17}},"46":{"start":{"line":79,"column":20},"end":{"line":79,"column":56}},"47":{"start":{"line":81,"column":40},"end":{"line":81,"column":155}},"48":{"start":{"line":82,"column":20},"end":{"line":82,"column":64}},"49":{"start":{"line":85,"column":16},"end":{"line":85,"column":66}},"50":{"start":{"line":91,"column":8},"end":{"line":98,"column":10}},"51":{"start":{"line":92,"column":12},"end":{"line":97,"column":13}},"52":{"start":{"line":93,"column":16},"end":{"line":93,"column":93}},"53":{"start":{"line":94,"column":16},"end":{"line":94,"column":40}},"54":{"start":{"line":96,"column":16},"end":{"line":96,"column":47}},"55":{"start":{"line":102,"column":0},"end":{"line":102,"column":22}}},"fnMap":{"0":{"name":"(anonymous_0)","decl":{"start":{"line":4,"column":4},"end":{"line":4,"column":5}},"loc":{"start":{"line":4,"column":22},"end":{"line":13,"column":5}},"line":4},"1":{"name":"(anonymous_1)","decl":{"start":{"line":15,"column":4},"end":{"line":15,"column":5}},"loc":{"start":{"line":15,"column":21},"end":{"line":25,"column":5}},"line":15},"2":{"name":"(anonymous_2)","decl":{"start":{"line":16,"column":27},"end":{"line":16,"column":28}},"loc":{"start":{"line":16,"column":54},"end":{"line":24,"column":9}},"line":16},"3":{"name":"(anonymous_3)","decl":{"start":{"line":19,"column":51},"end":{"line":19,"column":52}},"loc":{"start":{"line":19,"column":56},"end":{"line":19,"column":68}},"line":19},"4":{"name":"(anonymous_4)","decl":{"start":{"line":27,"column":4},"end":{"line":27,"column":5}},"loc":{"start":{"line":27,"column":35},"end":{"line":37,"column":5}},"line":27},"5":{"name":"(anonymous_5)","decl":{"start":{"line":28,"column":27},"end":{"line":28,"column":28}},"loc":{"start":{"line":28,"column":54},"end":{"line":36,"column":9}},"line":28},"6":{"name":"(anonymous_6)","decl":{"start":{"line":39,"column":4},"end":{"line":39,"column":5}},"loc":{"start":{"line":39,"column":42},"end":{"line":57,"column":5}},"line":39},"7":{"name":"(anonymous_7)","decl":{"start":{"line":40,"column":27},"end":{"line":40,"column":28}},"loc":{"start":{"line":40,"column":54},"end":{"line":56,"column":9}},"line":40},"8":{"name":"(anonymous_8)","decl":{"start":{"line":45,"column":60},"end":{"line":45,"column":61}},"loc":{"start":{"line":45,"column":65},"end":{"line":45,"column":77}},"line":45},"9":{"name":"(anonymous_9)","decl":{"start":{"line":59,"column":4},"end":{"line":59,"column":5}},"loc":{"start":{"line":59,"column":66},"end":{"line":71,"column":5}},"line":59},"10":{"name":"(anonymous_10)","decl":{"start":{"line":60,"column":27},"end":{"line":60,"column":28}},"loc":{"start":{"line":60,"column":54},"end":{"line":70,"column":9}},"line":60},"11":{"name":"(anonymous_11)","decl":{"start":{"line":73,"column":4},"end":{"line":73,"column":5}},"loc":{"start":{"line":73,"column":29},"end":{"line":88,"column":5}},"line":73},"12":{"name":"(anonymous_12)","decl":{"start":{"line":74,"column":27},"end":{"line":74,"column":28}},"loc":{"start":{"line":74,"column":54},"end":{"line":87,"column":9}},"line":74},"13":{"name":"(anonymous_13)","decl":{"start":{"line":90,"column":4},"end":{"line":90,"column":5}},"loc":{"start":{"line":90,"column":14},"end":{"line":99,"column":5}},"line":90},"14":{"name":"(anonymous_14)","decl":{"start":{"line":91,"column":27},"end":{"line":91,"column":28}},"loc":{"start":{"line":91,"column":54},"end":{"line":98,"column":9}},"line":91}},"branchMap":{"0":{"loc":{"start":{"line":43,"column":16},"end":{"line":52,"column":17}},"type":"if","locations":[{"start":{"line":43,"column":16},"end":{"line":52,"column":17}},{"start":{"line":50,"column":23},"end":{"line":52,"column":17}}],"line":43},"1":{"loc":{"start":{"line":46,"column":20},"end":{"line":48,"column":21}},"type":"if","locations":[{"start":{"line":46,"column":20},"end":{"line":48,"column":21}},{"start":{},"end":{}}],"line":46},"2":{"loc":{"start":{"line":78,"column":16},"end":{"line":83,"column":17}},"type":"if","locations":[{"start":{"line":78,"column":16},"end":{"line":83,"column":17}},{"start":{"line":80,"column":23},"end":{"line":83,"column":17}}],"line":78}},"s":{"0":3,"1":17,"2":17,"3":17,"4":17,"5":17,"6":17,"7":17,"8":17,"9":2,"10":2,"11":2,"12":2,"13":8,"14":2,"15":0,"16":2,"17":2,"18":2,"19":2,"20":2,"21":0,"22":2,"23":2,"24":2,"25":2,"26":2,"27":2,"28":2,"29":2,"30":0,"31":2,"32":0,"33":0,"34":4,"35":4,"36":4,"37":4,"38":4,"39":4,"40":4,"41":0,"42":0,"43":0,"44":0,"45":0,"46":0,"47":0,"48":0,"49":0,"50":2,"51":2,"52":2,"53":2,"54":0,"55":3},"f":{"0":17,"1":2,"2":2,"3":8,"4":2,"5":2,"6":2,"7":2,"8":2,"9":4,"10":4,"11":0,"12":0,"13":2,"14":2},"b":{"0":[2,0],"1":[0,2],"2":[0,0]},"_coverageSchema":"1a1c01bbd47fc00a2c39e90264f33305004495a9","hash":"4057555fcf2ca1e79d73b8e928f00e968c2d0b19"}
,"C:\\Users\\Peter Ly\\Desktop\\FutureProof\\Lap2\\Project\\lap2-project\\api\\models\\User.js": {"path":"C:\\Users\\Peter Ly\\Desktop\\FutureProof\\Lap2\\Project\\lap2-project\\api\\models\\User.js","statementMap":{"0":{"start":{"line":1,"column":11},"end":{"line":1,"column":33}},"1":{"start":{"line":5,"column":8},"end":{"line":5,"column":25}},"2":{"start":{"line":6,"column":8},"end":{"line":6,"column":41}},"3":{"start":{"line":7,"column":8},"end":{"line":7,"column":35}},"4":{"start":{"line":8,"column":8},"end":{"line":8,"column":37}},"5":{"start":{"line":9,"column":8},"end":{"line":9,"column":37}},"6":{"start":{"line":13,"column":8},"end":{"line":21,"column":10}},"7":{"start":{"line":14,"column":12},"end":{"line":20,"column":13}},"8":{"start":{"line":15,"column":36},"end":{"line":15,"column":74}},"9":{"start":{"line":16,"column":31},"end":{"line":16,"column":69}},"10":{"start":{"line":16,"column":57},"end":{"line":16,"column":68}},"11":{"start":{"line":17,"column":16},"end":{"line":17,"column":33}},"12":{"start":{"line":19,"column":16},"end":{"line":19,"column":52}},"13":{"start":{"line":25,"column":8},"end":{"line":33,"column":10}},"14":{"start":{"line":26,"column":12},"end":{"line":32,"column":13}},"15":{"start":{"line":27,"column":33},"end":{"line":27,"column":105}},"16":{"start":{"line":28,"column":29},"end":{"line":28,"column":55}},"17":{"start":{"line":29,"column":16},"end":{"line":29,"column":29}},"18":{"start":{"line":31,"column":16},"end":{"line":31,"column":43}},"19":{"start":{"line":37,"column":8},"end":{"line":51,"column":10}},"20":{"start":{"line":38,"column":12},"end":{"line":50,"column":13}},"21":{"start":{"line":39,"column":38},"end":{"line":39,"column":115}},"22":{"start":{"line":41,"column":16},"end":{"line":47,"column":17}},"23":{"start":{"line":42,"column":31},"end":{"line":42,"column":210}},"24":{"start":{"line":43,"column":34},"end":{"line":43,"column":56}},"25":{"start":{"line":44,"column":20},"end":{"line":44,"column":36}},"26":{"start":{"line":46,"column":20},"end":{"line":46,"column":48}},"27":{"start":{"line":49,"column":16},"end":{"line":49,"column":53}},"28":{"start":{"line":55,"column":0},"end":{"line":55,"column":21}}},"fnMap":{"0":{"name":"(anonymous_0)","decl":{"start":{"line":4,"column":4},"end":{"line":4,"column":5}},"loc":{"start":{"line":4,"column":22},"end":{"line":10,"column":5}},"line":4},"1":{"name":"(anonymous_1)","decl":{"start":{"line":12,"column":4},"end":{"line":12,"column":5}},"loc":{"start":{"line":12,"column":21},"end":{"line":22,"column":5}},"line":12},"2":{"name":"(anonymous_2)","decl":{"start":{"line":13,"column":27},"end":{"line":13,"column":28}},"loc":{"start":{"line":13,"column":54},"end":{"line":21,"column":9}},"line":13},"3":{"name":"(anonymous_3)","decl":{"start":{"line":16,"column":52},"end":{"line":16,"column":53}},"loc":{"start":{"line":16,"column":57},"end":{"line":16,"column":68}},"line":16},"4":{"name":"(anonymous_4)","decl":{"start":{"line":24,"column":4},"end":{"line":24,"column":5}},"loc":{"start":{"line":24,"column":36},"end":{"line":34,"column":5}},"line":24},"5":{"name":"(anonymous_5)","decl":{"start":{"line":25,"column":27},"end":{"line":25,"column":28}},"loc":{"start":{"line":25,"column":54},"end":{"line":33,"column":9}},"line":25},"6":{"name":"(anonymous_6)","decl":{"start":{"line":36,"column":4},"end":{"line":36,"column":5}},"loc":{"start":{"line":36,"column":26},"end":{"line":52,"column":5}},"line":36},"7":{"name":"(anonymous_7)","decl":{"start":{"line":37,"column":27},"end":{"line":37,"column":28}},"loc":{"start":{"line":37,"column":54},"end":{"line":51,"column":9}},"line":37}},"branchMap":{"0":{"loc":{"start":{"line":41,"column":16},"end":{"line":47,"column":17}},"type":"if","locations":[{"start":{"line":41,"column":16},"end":{"line":47,"column":17}},{"start":{"line":45,"column":23},"end":{"line":47,"column":17}}],"line":41}},"s":{"0":5,"1":8,"2":8,"3":8,"4":8,"5":8,"6":2,"7":2,"8":2,"9":2,"10":4,"11":1,"12":1,"13":2,"14":2,"15":2,"16":2,"17":1,"18":1,"19":2,"20":2,"21":2,"22":2,"23":1,"24":1,"25":1,"26":1,"27":0,"28":5},"f":{"0":8,"1":2,"2":2,"3":4,"4":2,"5":2,"6":2,"7":2},"b":{"0":[1,1]},"_coverageSchema":"1a1c01bbd47fc00a2c39e90264f33305004495a9","hash":"cf563aeb51f81abfa476c501f9a53f74957b2bae"}
,"C:\\Users\\Peter Ly\\Desktop\\FutureProof\\Lap2\\Project\\lap2-project\\api\\routes\\authRoutes.js": {"path":"C:\\Users\\Peter Ly\\Desktop\\FutureProof\\Lap2\\Project\\lap2-project\\api\\routes\\authRoutes.js","statementMap":{"0":{"start":{"line":1,"column":16},"end":{"line":1,"column":34}},"1":{"start":{"line":2,"column":15},"end":{"line":2,"column":31}},"2":{"start":{"line":3,"column":23},"end":{"line":3,"column":53}},"3":{"start":{"line":5,"column":0},"end":{"line":5,"column":50}},"4":{"start":{"line":6,"column":0},"end":{"line":6,"column":44}},"5":{"start":{"line":8,"column":0},"end":{"line":8,"column":24}}},"fnMap":{},"branchMap":{},"s":{"0":1,"1":1,"2":1,"3":1,"4":1,"5":1},"f":{},"b":{},"_coverageSchema":"1a1c01bbd47fc00a2c39e90264f33305004495a9","hash":"7106815dd5912c87de2a004125d61cbc25be1478"}
,"C:\\Users\\Peter Ly\\Desktop\\FutureProof\\Lap2\\Project\\lap2-project\\api\\routes\\habitRoutes.js": {"path":"C:\\Users\\Peter Ly\\Desktop\\FutureProof\\Lap2\\Project\\lap2-project\\api\\routes\\habitRoutes.js","statementMap":{"0":{"start":{"line":1,"column":16},"end":{"line":1,"column":34}},"1":{"start":{"line":2,"column":15},"end":{"line":2,"column":31}},"2":{"start":{"line":3,"column":24},"end":{"line":3,"column":55}},"3":{"start":{"line":4,"column":13},"end":{"line":4,"column":43}},"4":{"start":{"line":6,"column":0},"end":{"line":6,"column":64}},"5":{"start":{"line":10,"column":0},"end":{"line":10,"column":73}},"6":{"start":{"line":13,"column":0},"end":{"line":13,"column":86}},"7":{"start":{"line":15,"column":0},"end":{"line":15,"column":76}},"8":{"start":{"line":17,"column":0},"end":{"line":17,"column":56}},"9":{"start":{"line":19,"column":0},"end":{"line":19,"column":76}},"10":{"start":{"line":21,"column":0},"end":{"line":21,"column":23}}},"fnMap":{},"branchMap":{},"s":{"0":1,"1":1,"2":1,"3":1,"4":1,"5":1,"6":1,"7":1,"8":1,"9":1,"10":1},"f":{},"b":{},"_coverageSchema":"1a1c01bbd47fc00a2c39e90264f33305004495a9","hash":"2c9321cebb5d9d26c5a19f0cb437f983bc26c2d8"}
,"C:\\Users\\Peter Ly\\Desktop\\FutureProof\\Lap2\\Project\\lap2-project\\api\\routes\\usersRoutes.js": {"path":"C:\\Users\\Peter Ly\\Desktop\\FutureProof\\Lap2\\Project\\lap2-project\\api\\routes\\usersRoutes.js","statementMap":{"0":{"start":{"line":1,"column":16},"end":{"line":1,"column":34}},"1":{"start":{"line":2,"column":15},"end":{"line":2,"column":31}},"2":{"start":{"line":3,"column":23},"end":{"line":3,"column":53}},"3":{"start":{"line":5,"column":0},"end":{"line":5,"column":38}},"4":{"start":{"line":7,"column":0},"end":{"line":7,"column":24}}},"fnMap":{},"branchMap":{},"s":{"0":1,"1":1,"2":1,"3":1,"4":1},"f":{},"b":{},"_coverageSchema":"1a1c01bbd47fc00a2c39e90264f33305004495a9","hash":"ad31ab5d400a75b0468176822940ba8fa1579f22"}
}
