{"/Users/Nowshad/Desktop/lap2-project/api/app.js": {"path":"/Users/Nowshad/Desktop/lap2-project/api/app.js","statementMap":{"0":{"start":{"line":1,"column":16},"end":{"line":1,"column":34}},"1":{"start":{"line":2,"column":12},"end":{"line":2,"column":21}},"2":{"start":{"line":3,"column":13},"end":{"line":3,"column":28}},"3":{"start":{"line":4,"column":0},"end":{"line":4,"column":16}},"4":{"start":{"line":5,"column":0},"end":{"line":5,"column":24}},"5":{"start":{"line":7,"column":0},"end":{"line":9,"column":3}},"6":{"start":{"line":8,"column":4},"end":{"line":8,"column":49}},"7":{"start":{"line":11,"column":19},"end":{"line":11,"column":50}},"8":{"start":{"line":12,"column":19},"end":{"line":12,"column":49}},"9":{"start":{"line":13,"column":20},"end":{"line":13,"column":51}},"10":{"start":{"line":15,"column":0},"end":{"line":15,"column":30}},"11":{"start":{"line":16,"column":0},"end":{"line":16,"column":20}},"12":{"start":{"line":17,"column":0},"end":{"line":17,"column":32}},"13":{"start":{"line":19,"column":0},"end":{"line":19,"column":20}}},"fnMap":{"0":{"name":"(anonymous_0)","decl":{"start":{"line":7,"column":13},"end":{"line":7,"column":14}},"loc":{"start":{"line":7,"column":27},"end":{"line":9,"column":1}},"line":7}},"branchMap":{},"s":{"0":1,"1":1,"2":1,"3":1,"4":1,"5":1,"6":1,"7":1,"8":1,"9":1,"10":1,"11":1,"12":1,"13":1},"f":{"0":1},"b":{},"_coverageSchema":"1a1c01bbd47fc00a2c39e90264f33305004495a9","hash":"f92023a76deb2a29e6e6d793f974469f640483f3"}
,"/Users/Nowshad/Desktop/lap2-project/api/dbConfig.js": {"path":"/Users/Nowshad/Desktop/lap2-project/api/dbConfig.js","statementMap":{"0":{"start":{"line":1,"column":17},"end":{"line":1,"column":30}},"1":{"start":{"line":2,"column":13},"end":{"line":2,"column":23}},"2":{"start":{"line":3,"column":0},"end":{"line":3,"column":22}}},"fnMap":{},"branchMap":{},"s":{"0":4,"1":4,"2":4},"f":{},"b":{},"_coverageSchema":"1a1c01bbd47fc00a2c39e90264f33305004495a9","hash":"ba197b4082bb0c3c838bfd1c3ab199cc37cb6522"}
,"/Users/Nowshad/Desktop/lap2-project/api/controllers/auth.js": {"path":"/Users/Nowshad/Desktop/lap2-project/api/controllers/auth.js","statementMap":{"0":{"start":{"line":1,"column":13},"end":{"line":1,"column":38}},"1":{"start":{"line":2,"column":15},"end":{"line":2,"column":34}},"2":{"start":{"line":5,"column":4},"end":{"line":12,"column":5}},"3":{"start":{"line":6,"column":21},"end":{"line":6,"column":43}},"4":{"start":{"line":7,"column":23},"end":{"line":7,"column":65}},"5":{"start":{"line":8,"column":8},"end":{"line":8,"column":61}},"6":{"start":{"line":9,"column":8},"end":{"line":9,"column":64}},"7":{"start":{"line":11,"column":8},"end":{"line":11,"column":64}},"8":{"start":{"line":16,"column":4},"end":{"line":29,"column":5}},"9":{"start":{"line":17,"column":21},"end":{"line":17,"column":65}},"10":{"start":{"line":21,"column":23},"end":{"line":21,"column":77}},"11":{"start":{"line":22,"column":8},"end":{"line":26,"column":9}},"12":{"start":{"line":23,"column":12},"end":{"line":23,"column":61}},"13":{"start":{"line":25,"column":12},"end":{"line":25,"column":59}},"14":{"start":{"line":28,"column":8},"end":{"line":28,"column":71}},"15":{"start":{"line":32,"column":0},"end":{"line":32,"column":36}}},"fnMap":{"0":{"name":"register","decl":{"start":{"line":4,"column":15},"end":{"line":4,"column":23}},"loc":{"start":{"line":4,"column":34},"end":{"line":13,"column":1}},"line":4},"1":{"name":"login","decl":{"start":{"line":15,"column":15},"end":{"line":15,"column":20}},"loc":{"start":{"line":15,"column":31},"end":{"line":30,"column":1}},"line":15}},"branchMap":{"0":{"loc":{"start":{"line":22,"column":8},"end":{"line":26,"column":9}},"type":"if","locations":[{"start":{"line":22,"column":8},"end":{"line":26,"column":9}},{"start":{"line":24,"column":15},"end":{"line":26,"column":9}}],"line":22}},"s":{"0":2,"1":2,"2":2,"3":2,"4":2,"5":2,"6":1,"7":1,"8":2,"9":2,"10":2,"11":2,"12":1,"13":1,"14":1,"15":2},"f":{"0":2,"1":2},"b":{"0":[1,1]},"_coverageSchema":"1a1c01bbd47fc00a2c39e90264f33305004495a9","hash":"c3510a3d393365cb61ff05cae8867ede7710ce0f"}
,"/Users/Nowshad/Desktop/lap2-project/api/controllers/habit.js": {"path":"/Users/Nowshad/Desktop/lap2-project/api/controllers/habit.js","statementMap":{"0":{"start":{"line":1,"column":14},"end":{"line":1,"column":40}},"1":{"start":{"line":4,"column":4},"end":{"line":9,"column":5}},"2":{"start":{"line":5,"column":26},"end":{"line":5,"column":41}},"3":{"start":{"line":6,"column":8},"end":{"line":6,"column":39}},"4":{"start":{"line":8,"column":8},"end":{"line":8,"column":37}},"5":{"start":{"line":13,"column":4},"end":{"line":18,"column":5}},"6":{"start":{"line":14,"column":26},"end":{"line":14,"column":72}},"7":{"start":{"line":15,"column":8},"end":{"line":15,"column":39}},"8":{"start":{"line":17,"column":8},"end":{"line":17,"column":37}},"9":{"start":{"line":22,"column":4},"end":{"line":31,"column":5}},"10":{"start":{"line":23,"column":27},"end":{"line":23,"column":80}},"11":{"start":{"line":24,"column":8},"end":{"line":28,"column":9}},"12":{"start":{"line":25,"column":12},"end":{"line":25,"column":62}},"13":{"start":{"line":27,"column":12},"end":{"line":27,"column":44}},"14":{"start":{"line":30,"column":8},"end":{"line":30,"column":37}},"15":{"start":{"line":35,"column":4},"end":{"line":42,"column":5}},"16":{"start":{"line":37,"column":27},"end":{"line":37,"column":37}},"17":{"start":{"line":38,"column":25},"end":{"line":38,"column":68}},"18":{"start":{"line":39,"column":8},"end":{"line":39,"column":38}},"19":{"start":{"line":41,"column":8},"end":{"line":41,"column":37}},"20":{"start":{"line":46,"column":4},"end":{"line":51,"column":5}},"21":{"start":{"line":47,"column":29},"end":{"line":47,"column":63}},"22":{"start":{"line":48,"column":8},"end":{"line":48,"column":42}},"23":{"start":{"line":50,"column":8},"end":{"line":50,"column":37}},"24":{"start":{"line":54,"column":0},"end":{"line":54,"column":91}}},"fnMap":{"0":{"name":"getAllHabits","decl":{"start":{"line":3,"column":15},"end":{"line":3,"column":27}},"loc":{"start":{"line":3,"column":38},"end":{"line":10,"column":1}},"line":3},"1":{"name":"getHabitById","decl":{"start":{"line":12,"column":15},"end":{"line":12,"column":27}},"loc":{"start":{"line":12,"column":38},"end":{"line":19,"column":1}},"line":12},"2":{"name":"getHabitsByUsername","decl":{"start":{"line":21,"column":15},"end":{"line":21,"column":34}},"loc":{"start":{"line":21,"column":45},"end":{"line":32,"column":1}},"line":21},"3":{"name":"addHabit","decl":{"start":{"line":34,"column":15},"end":{"line":34,"column":23}},"loc":{"start":{"line":34,"column":34},"end":{"line":43,"column":1}},"line":34},"4":{"name":"deleteHabit","decl":{"start":{"line":45,"column":15},"end":{"line":45,"column":26}},"loc":{"start":{"line":45,"column":37},"end":{"line":52,"column":1}},"line":45}},"branchMap":{"0":{"loc":{"start":{"line":24,"column":8},"end":{"line":28,"column":9}},"type":"if","locations":[{"start":{"line":24,"column":8},"end":{"line":28,"column":9}},{"start":{"line":26,"column":15},"end":{"line":28,"column":9}}],"line":24}},"s":{"0":1,"1":0,"2":0,"3":0,"4":0,"5":0,"6":0,"7":0,"8":0,"9":0,"10":0,"11":0,"12":0,"13":0,"14":0,"15":0,"16":0,"17":0,"18":0,"19":0,"20":0,"21":0,"22":0,"23":0,"24":1},"f":{"0":0,"1":0,"2":0,"3":0,"4":0},"b":{"0":[0,0]},"_coverageSchema":"1a1c01bbd47fc00a2c39e90264f33305004495a9","hash":"80d6bc54b5d83a5b2337107da8f9b32a13a23200"}
,"/Users/Nowshad/Desktop/lap2-project/api/controllers/user.js": {"path":"/Users/Nowshad/Desktop/lap2-project/api/controllers/user.js","statementMap":{"0":{"start":{"line":1,"column":13},"end":{"line":1,"column":38}},"1":{"start":{"line":4,"column":4},"end":{"line":9,"column":5}},"2":{"start":{"line":5,"column":22},"end":{"line":5,"column":36}},"3":{"start":{"line":6,"column":8},"end":{"line":6,"column":35}},"4":{"start":{"line":8,"column":8},"end":{"line":8,"column":35}},"5":{"start":{"line":13,"column":4},"end":{"line":22,"column":5}},"6":{"start":{"line":14,"column":21},"end":{"line":14,"column":67}},"7":{"start":{"line":15,"column":8},"end":{"line":19,"column":9}},"8":{"start":{"line":16,"column":12},"end":{"line":16,"column":58}},"9":{"start":{"line":18,"column":12},"end":{"line":18,"column":53}},"10":{"start":{"line":21,"column":8},"end":{"line":21,"column":57}},"11":{"start":{"line":25,"column":0},"end":{"line":25,"column":32}}},"fnMap":{"0":{"name":"index","decl":{"start":{"line":3,"column":15},"end":{"line":3,"column":20}},"loc":{"start":{"line":3,"column":31},"end":{"line":10,"column":1}},"line":3},"1":{"name":"find","decl":{"start":{"line":12,"column":15},"end":{"line":12,"column":19}},"loc":{"start":{"line":12,"column":30},"end":{"line":23,"column":1}},"line":12}},"branchMap":{"0":{"loc":{"start":{"line":15,"column":8},"end":{"line":19,"column":9}},"type":"if","locations":[{"start":{"line":15,"column":8},"end":{"line":19,"column":9}},{"start":{"line":17,"column":15},"end":{"line":19,"column":9}}],"line":15}},"s":{"0":2,"1":1,"2":1,"3":1,"4":0,"5":2,"6":2,"7":2,"8":1,"9":1,"10":0,"11":2},"f":{"0":1,"1":2},"b":{"0":[1,1]},"_coverageSchema":"1a1c01bbd47fc00a2c39e90264f33305004495a9","hash":"6ca68fa12e6e8effd8f91c4b5f195bfe74019e35"}
,"/Users/Nowshad/Desktop/lap2-project/api/models/Habit.js": {"path":"/Users/Nowshad/Desktop/lap2-project/api/models/Habit.js","statementMap":{"0":{"start":{"line":1,"column":11},"end":{"line":1,"column":33}},"1":{"start":{"line":5,"column":8},"end":{"line":5,"column":37}},"2":{"start":{"line":6,"column":8},"end":{"line":6,"column":35}},"3":{"start":{"line":7,"column":8},"end":{"line":7,"column":41}},"4":{"start":{"line":8,"column":8},"end":{"line":8,"column":31}},"5":{"start":{"line":9,"column":8},"end":{"line":9,"column":39}},"6":{"start":{"line":10,"column":8},"end":{"line":10,"column":43}},"7":{"start":{"line":11,"column":8},"end":{"line":11,"column":29}},"8":{"start":{"line":15,"column":8},"end":{"line":23,"column":10}},"9":{"start":{"line":16,"column":12},"end":{"line":22,"column":13}},"10":{"start":{"line":17,"column":32},"end":{"line":17,"column":71}},"11":{"start":{"line":18,"column":32},"end":{"line":18,"column":69}},"12":{"start":{"line":18,"column":56},"end":{"line":18,"column":68}},"13":{"start":{"line":19,"column":16},"end":{"line":19,"column":34}},"14":{"start":{"line":21,"column":16},"end":{"line":21,"column":53}},"15":{"start":{"line":27,"column":8},"end":{"line":35,"column":10}},"16":{"start":{"line":28,"column":12},"end":{"line":34,"column":13}},"17":{"start":{"line":29,"column":34},"end":{"line":29,"column":106}},"18":{"start":{"line":30,"column":28},"end":{"line":30,"column":56}},"19":{"start":{"line":31,"column":16},"end":{"line":31,"column":30}},"20":{"start":{"line":33,"column":16},"end":{"line":33,"column":50}},"21":{"start":{"line":39,"column":8},"end":{"line":52,"column":10}},"22":{"start":{"line":40,"column":12},"end":{"line":51,"column":13}},"23":{"start":{"line":41,"column":38},"end":{"line":41,"column":110}},"24":{"start":{"line":42,"column":16},"end":{"line":48,"column":17}},"25":{"start":{"line":43,"column":42},"end":{"line":43,"column":161}},"26":{"start":{"line":44,"column":37},"end":{"line":44,"column":78}},"27":{"start":{"line":44,"column":65},"end":{"line":44,"column":77}},"28":{"start":{"line":45,"column":20},"end":{"line":45,"column":39}},"29":{"start":{"line":47,"column":20},"end":{"line":47,"column":62}},"30":{"start":{"line":50,"column":16},"end":{"line":50,"column":64}},"31":{"start":{"line":56,"column":8},"end":{"line":66,"column":10}},"32":{"start":{"line":57,"column":12},"end":{"line":65,"column":13}},"33":{"start":{"line":58,"column":33},"end":{"line":58,"column":106}},"34":{"start":{"line":59,"column":27},"end":{"line":59,"column":43}},"35":{"start":{"line":60,"column":38},"end":{"line":60,"column":206}},"36":{"start":{"line":61,"column":31},"end":{"line":61,"column":63}},"37":{"start":{"line":62,"column":16},"end":{"line":62,"column":33}},"38":{"start":{"line":64,"column":16},"end":{"line":64,"column":44}},"39":{"start":{"line":70,"column":8},"end":{"line":77,"column":10}},"40":{"start":{"line":71,"column":12},"end":{"line":76,"column":13}},"41":{"start":{"line":72,"column":16},"end":{"line":72,"column":82}},"42":{"start":{"line":73,"column":16},"end":{"line":73,"column":40}},"43":{"start":{"line":75,"column":16},"end":{"line":75,"column":47}},"44":{"start":{"line":81,"column":0},"end":{"line":81,"column":22}}},"fnMap":{"0":{"name":"(anonymous_0)","decl":{"start":{"line":4,"column":4},"end":{"line":4,"column":5}},"loc":{"start":{"line":4,"column":22},"end":{"line":12,"column":5}},"line":4},"1":{"name":"(anonymous_1)","decl":{"start":{"line":14,"column":4},"end":{"line":14,"column":5}},"loc":{"start":{"line":14,"column":21},"end":{"line":24,"column":5}},"line":14},"2":{"name":"(anonymous_2)","decl":{"start":{"line":15,"column":27},"end":{"line":15,"column":28}},"loc":{"start":{"line":15,"column":54},"end":{"line":23,"column":9}},"line":15},"3":{"name":"(anonymous_3)","decl":{"start":{"line":18,"column":51},"end":{"line":18,"column":52}},"loc":{"start":{"line":18,"column":56},"end":{"line":18,"column":68}},"line":18},"4":{"name":"(anonymous_4)","decl":{"start":{"line":26,"column":4},"end":{"line":26,"column":5}},"loc":{"start":{"line":26,"column":35},"end":{"line":36,"column":5}},"line":26},"5":{"name":"(anonymous_5)","decl":{"start":{"line":27,"column":27},"end":{"line":27,"column":28}},"loc":{"start":{"line":27,"column":54},"end":{"line":35,"column":9}},"line":27},"6":{"name":"(anonymous_6)","decl":{"start":{"line":38,"column":4},"end":{"line":38,"column":5}},"loc":{"start":{"line":38,"column":42},"end":{"line":53,"column":5}},"line":38},"7":{"name":"(anonymous_7)","decl":{"start":{"line":39,"column":27},"end":{"line":39,"column":28}},"loc":{"start":{"line":39,"column":54},"end":{"line":52,"column":9}},"line":39},"8":{"name":"(anonymous_8)","decl":{"start":{"line":44,"column":60},"end":{"line":44,"column":61}},"loc":{"start":{"line":44,"column":65},"end":{"line":44,"column":77}},"line":44},"9":{"name":"(anonymous_9)","decl":{"start":{"line":55,"column":4},"end":{"line":55,"column":5}},"loc":{"start":{"line":55,"column":66},"end":{"line":67,"column":5}},"line":55},"10":{"name":"(anonymous_10)","decl":{"start":{"line":56,"column":27},"end":{"line":56,"column":28}},"loc":{"start":{"line":56,"column":54},"end":{"line":66,"column":9}},"line":56},"11":{"name":"(anonymous_11)","decl":{"start":{"line":69,"column":4},"end":{"line":69,"column":5}},"loc":{"start":{"line":69,"column":23},"end":{"line":78,"column":5}},"line":69},"12":{"name":"(anonymous_12)","decl":{"start":{"line":70,"column":27},"end":{"line":70,"column":28}},"loc":{"start":{"line":70,"column":54},"end":{"line":77,"column":9}},"line":70}},"branchMap":{"0":{"loc":{"start":{"line":42,"column":16},"end":{"line":48,"column":17}},"type":"if","locations":[{"start":{"line":42,"column":16},"end":{"line":48,"column":17}},{"start":{"line":46,"column":23},"end":{"line":48,"column":17}}],"line":42}},"s":{"0":1,"1":0,"2":0,"3":0,"4":0,"5":0,"6":0,"7":0,"8":0,"9":0,"10":0,"11":0,"12":0,"13":0,"14":0,"15":0,"16":0,"17":0,"18":0,"19":0,"20":0,"21":0,"22":0,"23":0,"24":0,"25":0,"26":0,"27":0,"28":0,"29":0,"30":0,"31":0,"32":0,"33":0,"34":0,"35":0,"36":0,"37":0,"38":0,"39":0,"40":0,"41":0,"42":0,"43":0,"44":1},"f":{"0":0,"1":0,"2":0,"3":0,"4":0,"5":0,"6":0,"7":0,"8":0,"9":0,"10":0,"11":0,"12":0},"b":{"0":[0,0]},"_coverageSchema":"1a1c01bbd47fc00a2c39e90264f33305004495a9","hash":"615c47347ab8c443881c9715a5c9e7969a29a85f"}
,"/Users/Nowshad/Desktop/lap2-project/api/models/User.js": {"path":"/Users/Nowshad/Desktop/lap2-project/api/models/User.js","statementMap":{"0":{"start":{"line":1,"column":11},"end":{"line":1,"column":33}},"1":{"start":{"line":5,"column":8},"end":{"line":5,"column":25}},"2":{"start":{"line":6,"column":8},"end":{"line":6,"column":41}},"3":{"start":{"line":7,"column":8},"end":{"line":7,"column":35}},"4":{"start":{"line":8,"column":8},"end":{"line":8,"column":37}},"5":{"start":{"line":9,"column":8},"end":{"line":9,"column":37}},"6":{"start":{"line":13,"column":8},"end":{"line":21,"column":10}},"7":{"start":{"line":14,"column":12},"end":{"line":20,"column":13}},"8":{"start":{"line":15,"column":36},"end":{"line":15,"column":74}},"9":{"start":{"line":16,"column":31},"end":{"line":16,"column":69}},"10":{"start":{"line":16,"column":57},"end":{"line":16,"column":68}},"11":{"start":{"line":17,"column":16},"end":{"line":17,"column":33}},"12":{"start":{"line":19,"column":16},"end":{"line":19,"column":52}},"13":{"start":{"line":25,"column":8},"end":{"line":33,"column":10}},"14":{"start":{"line":26,"column":12},"end":{"line":32,"column":13}},"15":{"start":{"line":27,"column":33},"end":{"line":27,"column":105}},"16":{"start":{"line":28,"column":29},"end":{"line":28,"column":55}},"17":{"start":{"line":29,"column":16},"end":{"line":29,"column":29}},"18":{"start":{"line":31,"column":16},"end":{"line":31,"column":43}},"19":{"start":{"line":37,"column":8},"end":{"line":51,"column":10}},"20":{"start":{"line":38,"column":12},"end":{"line":50,"column":13}},"21":{"start":{"line":39,"column":38},"end":{"line":39,"column":115}},"22":{"start":{"line":41,"column":16},"end":{"line":47,"column":17}},"23":{"start":{"line":42,"column":31},"end":{"line":42,"column":210}},"24":{"start":{"line":43,"column":34},"end":{"line":43,"column":56}},"25":{"start":{"line":44,"column":20},"end":{"line":44,"column":36}},"26":{"start":{"line":46,"column":20},"end":{"line":46,"column":48}},"27":{"start":{"line":49,"column":16},"end":{"line":49,"column":53}},"28":{"start":{"line":55,"column":0},"end":{"line":55,"column":21}}},"fnMap":{"0":{"name":"(anonymous_0)","decl":{"start":{"line":4,"column":4},"end":{"line":4,"column":5}},"loc":{"start":{"line":4,"column":22},"end":{"line":10,"column":5}},"line":4},"1":{"name":"(anonymous_1)","decl":{"start":{"line":12,"column":4},"end":{"line":12,"column":5}},"loc":{"start":{"line":12,"column":21},"end":{"line":22,"column":5}},"line":12},"2":{"name":"(anonymous_2)","decl":{"start":{"line":13,"column":27},"end":{"line":13,"column":28}},"loc":{"start":{"line":13,"column":54},"end":{"line":21,"column":9}},"line":13},"3":{"name":"(anonymous_3)","decl":{"start":{"line":16,"column":52},"end":{"line":16,"column":53}},"loc":{"start":{"line":16,"column":57},"end":{"line":16,"column":68}},"line":16},"4":{"name":"(anonymous_4)","decl":{"start":{"line":24,"column":4},"end":{"line":24,"column":5}},"loc":{"start":{"line":24,"column":36},"end":{"line":34,"column":5}},"line":24},"5":{"name":"(anonymous_5)","decl":{"start":{"line":25,"column":27},"end":{"line":25,"column":28}},"loc":{"start":{"line":25,"column":54},"end":{"line":33,"column":9}},"line":25},"6":{"name":"(anonymous_6)","decl":{"start":{"line":36,"column":4},"end":{"line":36,"column":5}},"loc":{"start":{"line":36,"column":26},"end":{"line":52,"column":5}},"line":36},"7":{"name":"(anonymous_7)","decl":{"start":{"line":37,"column":27},"end":{"line":37,"column":28}},"loc":{"start":{"line":37,"column":54},"end":{"line":51,"column":9}},"line":37}},"branchMap":{"0":{"loc":{"start":{"line":41,"column":16},"end":{"line":47,"column":17}},"type":"if","locations":[{"start":{"line":41,"column":16},"end":{"line":47,"column":17}},{"start":{"line":45,"column":23},"end":{"line":47,"column":17}}],"line":41}},"s":{"0":4,"1":9,"2":9,"3":9,"4":9,"5":9,"6":2,"7":2,"8":2,"9":2,"10":4,"11":1,"12":1,"13":2,"14":2,"15":2,"16":2,"17":1,"18":1,"19":2,"20":2,"21":2,"22":2,"23":1,"24":1,"25":1,"26":1,"27":0,"28":4},"f":{"0":9,"1":2,"2":2,"3":4,"4":2,"5":2,"6":2,"7":2},"b":{"0":[1,1]},"_coverageSchema":"1a1c01bbd47fc00a2c39e90264f33305004495a9","hash":"abd13a6453625bfa5db6d91c83f7176240f2c890"}
,"/Users/Nowshad/Desktop/lap2-project/api/routes/authRoutes.js": {"path":"/Users/Nowshad/Desktop/lap2-project/api/routes/authRoutes.js","statementMap":{"0":{"start":{"line":1,"column":16},"end":{"line":1,"column":34}},"1":{"start":{"line":2,"column":15},"end":{"line":2,"column":31}},"2":{"start":{"line":3,"column":23},"end":{"line":3,"column":53}},"3":{"start":{"line":5,"column":0},"end":{"line":5,"column":50}},"4":{"start":{"line":6,"column":0},"end":{"line":6,"column":44}},"5":{"start":{"line":8,"column":0},"end":{"line":8,"column":24}}},"fnMap":{},"branchMap":{},"s":{"0":1,"1":1,"2":1,"3":1,"4":1,"5":1},"f":{},"b":{},"_coverageSchema":"1a1c01bbd47fc00a2c39e90264f33305004495a9","hash":"5ca1deb3902826ede205e2a7c21c32039ab688ae"}
,"/Users/Nowshad/Desktop/lap2-project/api/routes/habitRoutes.js": {"path":"/Users/Nowshad/Desktop/lap2-project/api/routes/habitRoutes.js","statementMap":{"0":{"start":{"line":1,"column":16},"end":{"line":1,"column":34}},"1":{"start":{"line":2,"column":15},"end":{"line":2,"column":31}},"2":{"start":{"line":3,"column":24},"end":{"line":3,"column":55}},"3":{"start":{"line":5,"column":0},"end":{"line":5,"column":46}},"4":{"start":{"line":8,"column":0},"end":{"line":8,"column":55}},"5":{"start":{"line":11,"column":0},"end":{"line":11,"column":68}},"6":{"start":{"line":13,"column":0},"end":{"line":13,"column":58}},"7":{"start":{"line":15,"column":0},"end":{"line":15,"column":58}},"8":{"start":{"line":17,"column":0},"end":{"line":17,"column":23}}},"fnMap":{},"branchMap":{},"s":{"0":1,"1":1,"2":1,"3":1,"4":1,"5":1,"6":1,"7":1,"8":1},"f":{},"b":{},"_coverageSchema":"1a1c01bbd47fc00a2c39e90264f33305004495a9","hash":"30bf596766307c07b0883ad1c04b80b307963c78"}
,"/Users/Nowshad/Desktop/lap2-project/api/routes/usersRoutes.js": {"path":"/Users/Nowshad/Desktop/lap2-project/api/routes/usersRoutes.js","statementMap":{"0":{"start":{"line":1,"column":16},"end":{"line":1,"column":34}},"1":{"start":{"line":2,"column":15},"end":{"line":2,"column":31}},"2":{"start":{"line":3,"column":23},"end":{"line":3,"column":53}},"3":{"start":{"line":5,"column":0},"end":{"line":5,"column":38}},"4":{"start":{"line":7,"column":0},"end":{"line":7,"column":24}}},"fnMap":{},"branchMap":{},"s":{"0":1,"1":1,"2":1,"3":1,"4":1},"f":{},"b":{},"_coverageSchema":"1a1c01bbd47fc00a2c39e90264f33305004495a9","hash":"00ce0cafe0dc08a180e0e8aa77925b8989b0c6f5"}
}
